<?xml version="1.0" encoding="UTF-8"?>
<!-- Generated by org.testng.reporters.JUnitXMLReporter -->
<testsuite hostname="Shubham-Verma" ignored="0" name="Test" tests="1" failures="0" timestamp="2020-06-12T11:38:43 IST" time="30.321" errors="0">
  <testcase name="@BeforeMethod preCondition" time="29.74" classname="com.testbroker.generic.BaseLib">
    <failure type="java.lang.IndexOutOfBoundsException" message="Index: 2, Size: 2">
      <![CDATA[java.lang.IndexOutOfBoundsException: Index: 2, Size: 2
at java.util.ArrayList.rangeCheck(ArrayList.java:657)
at java.util.ArrayList.get(ArrayList.java:433)
at com.testbroker.generic.BaseLib.preCondition(BaseLib.java:70)
at java.util.concurrent.ThreadPoolExecutor.runWorker(ThreadPoolExecutor.java:1149)
at java.util.concurrent.ThreadPoolExecutor$Worker.run(ThreadPoolExecutor.java:624)
at java.lang.Thread.run(Thread.java:748)
... Removed 16 stack frames]]>
    </failure>
  </testcase> <!-- @BeforeMethod preCondition -->
  <testcase name="@AfterMethod postCondition" time="-1.591942123397E9" classname="com.testbroker.generic.BaseLib">
    <skipped/>
  </testcase> <!-- @AfterMethod postCondition -->
  <testcase name="vacantBuildingPremiumVerfification" time="0.0" classname="com.testbroker.scripts.VacantBuildingTest">
    <skipped/>
  </testcase> <!-- vacantBuildingPremiumVerfification -->
</testsuite> <!-- Test -->
