<?xml version="1.0" encoding="UTF-8"?>
<testng-results skipped="0" failed="0" ignored="0" total="1" passed="1">
  <reporter-output>
    <line>
      <![CDATA[The amount of gross value is expected]]>
    </line>
    <line>
      <![CDATA[Browser closed]]>
    </line>
  </reporter-output>
  <suite name="Suite" duration-ms="253310" started-at="2020-06-10T15:48:42 IST" finished-at="2020-06-10T15:52:56 IST">
    <groups>
    </groups>
    <test name="Test" duration-ms="253310" started-at="2020-06-10T15:48:42 IST" finished-at="2020-06-10T15:52:56 IST">
      <class name="com.testbroker.scripts.VacantBuildingTest">
        <test-method status="PASS" signature="preCondition()[pri:0, instance:com.testbroker.scripts.VacantBuildingTest@6b85300e]" name="preCondition" is-config="true" duration-ms="57182" started-at="2020-06-10T15:48:42 IST" finished-at="2020-06-10T15:49:40 IST">
          <reporter-output>
          </reporter-output>
        </test-method> <!-- preCondition -->
        <test-method status="PASS" signature="vacantBuildingPremiumVerfification()[pri:1, instance:com.testbroker.scripts.VacantBuildingTest@6b85300e]" name="vacantBuildingPremiumVerfification" duration-ms="195772" started-at="2020-06-10T15:49:40 IST" finished-at="2020-06-10T15:52:56 IST">
          <reporter-output>
            <line>
              <![CDATA[The amount of gross value is expected]]>
            </line>
          </reporter-output>
        </test-method> <!-- vacantBuildingPremiumVerfification -->
        <test-method status="PASS" signature="postCondition(org.testng.ITestResult)[pri:0, instance:com.testbroker.scripts.VacantBuildingTest@6b85300e]" name="postCondition" is-config="true" duration-ms="4" started-at="2020-06-10T15:52:56 IST" finished-at="2020-06-10T15:52:56 IST">
          <params>
            <param index="0">
              <value>
                <![CDATA[[TestResult name=vacantBuildingPremiumVerfification status=SUCCESS method=VacantBuildingTest.vacantBuildingPremiumVerfification()[pri:1, instance:com.testbroker.scripts.VacantBuildingTest@6b85300e] output=The amount of gross value is expected]]]>
              </value>
            </param>
          </params>
          <reporter-output>
            <line>
              <![CDATA[Browser closed]]>
            </line>
          </reporter-output>
        </test-method> <!-- postCondition -->
      </class> <!-- com.testbroker.scripts.VacantBuildingTest -->
    </test> <!-- Test -->
  </suite> <!-- Suite -->
</testng-results>
