<?xml version="1.0" encoding="UTF-8"?>
<testng-results skipped="0" failed="0" ignored="0" total="1" passed="1">
  <reporter-output>
    <line>
      <![CDATA[Browser closed]]>
    </line>
  </reporter-output>
  <suite name="Suite" duration-ms="222394" started-at="2020-06-08T10:27:22Z" finished-at="2020-06-08T10:31:04Z">
    <groups>
    </groups>
    <test name="Test" duration-ms="222394" started-at="2020-06-08T10:27:22Z" finished-at="2020-06-08T10:31:04Z">
      <class name="com.testbroker.scripts.LoginTest">
        <test-method status="PASS" signature="preCondition(java.lang.String)[pri:0, instance:com.testbroker.scripts.LoginTest@47eaca72]" name="preCondition" is-config="true" duration-ms="52903" started-at="2020-06-08T10:27:22Z" finished-at="2020-06-08T10:28:14Z">
          <params>
            <param index="0">
              <value>
                <![CDATA[chrome]]>
              </value>
            </param>
          </params>
          <reporter-output>
          </reporter-output>
        </test-method> <!-- preCondition -->
        <test-method status="PASS" signature="validLoginTest()[pri:1, instance:com.testbroker.scripts.LoginTest@47eaca72]" name="validLoginTest" duration-ms="169278" started-at="2020-06-08T10:28:15Z" finished-at="2020-06-08T10:31:04Z">
          <reporter-output>
          </reporter-output>
        </test-method> <!-- validLoginTest -->
        <test-method status="PASS" signature="postCondition(org.testng.ITestResult)[pri:0, instance:com.testbroker.scripts.LoginTest@47eaca72]" name="postCondition" is-config="true" duration-ms="2" started-at="2020-06-08T10:31:04Z" finished-at="2020-06-08T10:31:04Z">
          <params>
            <param index="0">
              <value>
                <![CDATA[[TestResult name=validLoginTest status=SUCCESS method=LoginTest.validLoginTest()[pri:1, instance:com.testbroker.scripts.LoginTest@47eaca72] output={null}]]]>
              </value>
            </param>
          </params>
          <reporter-output>
            <line>
              <![CDATA[Browser closed]]>
            </line>
          </reporter-output>
        </test-method> <!-- postCondition -->
      </class> <!-- com.testbroker.scripts.LoginTest -->
    </test> <!-- Test -->
  </suite> <!-- Suite -->
</testng-results>
